<?xml version="1.0" encoding="UTF-8"?>
<!-- Generated by org.testng.reporters.JUnitReportReporter -->
<testsuite skipped="0" hostname="Mds-MacBook-Pro.local" name="youTubeHm.YtbeTest" tests="1" failures="0" timestamp="14 Mar 2019 01:54:25 GMT" time="3.833" errors="0">
  <testcase name="yTbeSearch" time="3.833" classname="youTubeHm.YtbeTest"/>
</testsuite> <!-- youTubeHm.YtbeTest -->
