<?xml version="1.0" encoding="UTF-8"?>
<!-- Generated by org.testng.reporters.JUnitReportReporter -->
<testsuite skipped="0" hostname="Mds-MacBook-Pro.local" name="search.ProductSearch" tests="1" failures="0" timestamp="14 Mar 2019 01:54:03 GMT" time="5.329" errors="0">
  <testcase name="search" time="5.329" classname="search.ProductSearch"/>
</testsuite> <!-- search.ProductSearch -->
