<?xml version="1.0" encoding="UTF-8"?>
<!-- Generated by org.testng.reporters.JUnitReportReporter -->
<testsuite skipped="0" hostname="Mds-MacBook-Pro.local" name="title.AmazonHome" tests="2" failures="0" timestamp="14 Mar 2019 01:54:03 GMT" time="8.767" errors="0">
  <testcase name="test1" time="2.658" classname="title.AmazonHome"/>
  <testcase name="test2" time="6.109" classname="title.AmazonHome"/>
</testsuite> <!-- title.AmazonHome -->
