<?xml version="1.0" encoding="UTF-8"?>
<!-- Generated by org.testng.reporters.JUnitReportReporter -->
<testsuite skipped="0" hostname="Mds-MacBook-Pro.local" name="secureSignIn.SecureSignInTest" tests="1" failures="0" timestamp="14 Mar 2019 01:54:03 GMT" time="5.934" errors="0">
  <testcase name="signIn" time="5.934" classname="secureSignIn.SecureSignInTest"/>
</testsuite> <!-- secureSignIn.SecureSignInTest -->
