<?xml version="1.0" encoding="UTF-8"?>
<!-- Generated by org.testng.reporters.JUnitReportReporter -->
<testsuite skipped="0" hostname="Mds-MacBook-Pro.local" name="FbTest.InvalidSignIn" tests="1" failures="0" timestamp="14 Mar 2019 01:54:20 GMT" time="16.752" errors="0">
  <testcase name="invalid" time="16.752" classname="FbTest.InvalidSignIn"/>
</testsuite> <!-- FbTest.InvalidSignIn -->
