<?xml version="1.0" encoding="UTF-8"?>
<testsuite xmlns:xsi="http://www.w3.org/2001/XMLSchema-instance" xsi:noNamespaceSchemaLocation="https://maven.apache.org/surefire/maven-surefire-plugin/xsd/surefire-test-report-3.0.xsd" version="3.0" name="TestSuite" time="4.074" tests="1" errors="0" skipped="0" failures="0">
  <properties>
    <property name="gopherProxySet" value="false"/>
    <property name="awt.toolkit" value="sun.lwawt.macosx.LWCToolkit"/>
    <property name="file.encoding.pkg" value="sun.io"/>
    <property name="java.specification.version" value="1.8"/>
    <property name="sun.cpu.isalist" value=""/>
    <property name="sun.jnu.encoding" value="UTF-8"/>
    <property name="java.class.path" value="/Users/mdaktaruzzaman/Desktop/eclipse-workspace/myFrameWork/YouTube/target/test-classes:/Users/mdaktaruzzaman/Desktop/eclipse-workspace/myFrameWork/YouTube/target/classes:/Users/mdaktaruzzaman/Desktop/eclipse-workspace/myFrameWork/Common/target/classes:/Users/mdaktaruzzaman/.m2/repository/org/seleniumhq/selenium/selenium-java/3.4.0/selenium-java-3.4.0.jar:/Users/mdaktaruzzaman/.m2/repository/org/seleniumhq/selenium/selenium-api/3.4.0/selenium-api-3.4.0.jar:/Users/mdaktaruzzaman/.m2/repository/org/seleniumhq/selenium/selenium-chrome-driver/3.4.0/selenium-chrome-driver-3.4.0.jar:/Users/mdaktaruzzaman/.m2/repository/org/seleniumhq/selenium/selenium-edge-driver/3.4.0/selenium-edge-driver-3.4.0.jar:/Users/mdaktaruzzaman/.m2/repository/org/seleniumhq/selenium/selenium-firefox-driver/3.4.0/selenium-firefox-driver-3.4.0.jar:/Users/mdaktaruzzaman/.m2/repository/org/seleniumhq/selenium/selenium-ie-driver/3.4.0/selenium-ie-driver-3.4.0.jar:/Users/mdaktaruzzaman/.m2/repository/org/seleniumhq/selenium/selenium-opera-driver/3.4.0/selenium-opera-driver-3.4.0.jar:/Users/mdaktaruzzaman/.m2/repository/org/seleniumhq/selenium/selenium-remote-driver/3.4.0/selenium-remote-driver-3.4.0.jar:/Users/mdaktaruzzaman/.m2/repository/org/seleniumhq/selenium/selenium-safari-driver/3.4.0/selenium-safari-driver-3.4.0.jar:/Users/mdaktaruzzaman/.m2/repository/org/seleniumhq/selenium/selenium-support/3.4.0/selenium-support-3.4.0.jar:/Users/mdaktaruzzaman/.m2/repository/cglib/cglib-nodep/3.2.4/cglib-nodep-3.2.4.jar:/Users/mdaktaruzzaman/.m2/repository/org/apache/commons/commons-exec/1.3/commons-exec-1.3.jar:/Users/mdaktaruzzaman/.m2/repository/org/apache/commons/commons-lang3/3.5/commons-lang3-3.5.jar:/Users/mdaktaruzzaman/.m2/repository/commons-codec/commons-codec/1.10/commons-codec-1.10.jar:/Users/mdaktaruzzaman/.m2/repository/commons-io/commons-io/2.5/commons-io-2.5.jar:/Users/mdaktaruzzaman/.m2/repository/commons-logging/commons-logging/1.2/commons-logging-1.2.jar:/Users/mdaktaruzzaman/.m2/repository/org/w3c/css/sac/1.3/sac-1.3.jar:/Users/mdaktaruzzaman/.m2/repository/net/sourceforge/cssparser/cssparser/0.9.22/cssparser-0.9.22.jar:/Users/mdaktaruzzaman/.m2/repository/com/google/code/gson/gson/2.8.0/gson-2.8.0.jar:/Users/mdaktaruzzaman/.m2/repository/com/google/guava/guava/21.0/guava-21.0.jar:/Users/mdaktaruzzaman/.m2/repository/org/hamcrest/hamcrest-core/1.3/hamcrest-core-1.3.jar:/Users/mdaktaruzzaman/.m2/repository/net/sourceforge/htmlunit/htmlunit/2.26/htmlunit-2.26.jar:/Users/mdaktaruzzaman/.m2/repository/net/sourceforge/htmlunit/htmlunit-core-js/2.26/htmlunit-core-js-2.26.jar:/Users/mdaktaruzzaman/.m2/repository/net/sourceforge/htmlunit/neko-htmlunit/2.25/neko-htmlunit-2.25.jar:/Users/mdaktaruzzaman/.m2/repository/org/apache/httpcomponents/httpclient/4.5.3/httpclient-4.5.3.jar:/Users/mdaktaruzzaman/.m2/repository/org/apache/httpcomponents/httpcore/4.4.6/httpcore-4.4.6.jar:/Users/mdaktaruzzaman/.m2/repository/org/apache/httpcomponents/httpmime/4.5.3/httpmime-4.5.3.jar:/Users/mdaktaruzzaman/.m2/repository/org/eclipse/jetty/jetty-io/9.4.1.v20170120/jetty-io-9.4.1.v20170120.jar:/Users/mdaktaruzzaman/.m2/repository/org/eclipse/jetty/jetty-util/9.4.1.v20170120/jetty-util-9.4.1.v20170120.jar:/Users/mdaktaruzzaman/.m2/repository/net/java/dev/jna/jna/4.1.0/jna-4.1.0.jar:/Users/mdaktaruzzaman/.m2/repository/net/java/dev/jna/jna-platform/4.1.0/jna-platform-4.1.0.jar:/Users/mdaktaruzzaman/.m2/repository/junit/junit/4.12/junit-4.12.jar:/Users/mdaktaruzzaman/.m2/repository/com/codeborne/phantomjsdriver/1.4.0/phantomjsdriver-1.4.0.jar:/Users/mdaktaruzzaman/.m2/repository/org/seleniumhq/selenium/htmlunit-driver/2.26/htmlunit-driver-2.26.jar:/Users/mdaktaruzzaman/.m2/repository/javax/servlet/javax.servlet-api/3.1.0/javax.servlet-api-3.1.0.jar:/Users/mdaktaruzzaman/.m2/repository/org/eclipse/jetty/websocket/websocket-api/9.4.3.v20170317/websocket-api-9.4.3.v20170317.jar:/Users/mdaktaruzzaman/.m2/repository/org/eclipse/jetty/websocket/websocket-client/9.4.3.v20170317/websocket-client-9.4.3.v20170317.jar:/Users/mdaktaruzzaman/.m2/repository/org/eclipse/jetty/jetty-client/9.4.3.v20170317/jetty-client-9.4.3.v20170317.jar:/Users/mdaktaruzzaman/.m2/repository/org/eclipse/jetty/jetty-http/9.4.3.v20170317/jetty-http-9.4.3.v20170317.jar:/Users/mdaktaruzzaman/.m2/repository/org/eclipse/jetty/websocket/websocket-common/9.4.3.v20170317/websocket-common-9.4.3.v20170317.jar:/Users/mdaktaruzzaman/.m2/repository/xalan/serializer/2.7.2/serializer-2.7.2.jar:/Users/mdaktaruzzaman/.m2/repository/xalan/xalan/2.7.2/xalan-2.7.2.jar:/Users/mdaktaruzzaman/.m2/repository/xerces/xercesImpl/2.11.0/xercesImpl-2.11.0.jar:/Users/mdaktaruzzaman/.m2/repository/xml-apis/xml-apis/1.4.01/xml-apis-1.4.01.jar:/Users/mdaktaruzzaman/.m2/repository/org/seleniumhq/selenium/selenium-server/3.4.0/selenium-server-3.4.0.jar:/Users/mdaktaruzzaman/.m2/repository/com/beust/jcommander/1.48/jcommander-1.48.jar:/Users/mdaktaruzzaman/.m2/repository/net/jcip/jcip-annotations/1.0/jcip-annotations-1.0.jar:/Users/mdaktaruzzaman/.m2/repository/org/seleniumhq/selenium/jetty-repacked/9.4.1.v20170120/jetty-repacked-9.4.1.v20170120.jar:/Users/mdaktaruzzaman/.m2/repository/org/yaml/snakeyaml/1.15/snakeyaml-1.15.jar:/Users/mdaktaruzzaman/.m2/repository/org/testng/testng/6.14.3/testng-6.14.3.jar:/Users/mdaktaruzzaman/.m2/repository/org/apache-extras/beanshell/bsh/2.0b6/bsh-2.0b6.jar:"/>
    <property name="java.vm.vendor" value="Oracle Corporation"/>
    <property name="sun.arch.data.model" value="64"/>
    <property name="java.vendor.url" value="http://java.oracle.com/"/>
    <property name="user.timezone" value=""/>
    <property name="java.vm.specification.version" value="1.8"/>
    <property name="os.name" value="Mac OS X"/>
    <property name="user.country" value="US"/>
    <property name="sun.java.launcher" value="SUN_STANDARD"/>
    <property name="sun.boot.library.path" value="/Library/Java/JavaVirtualMachines/jdk1.8.0_201.jdk/Contents/Home/jre/lib"/>
    <property name="sun.java.command" value="/Users/mdaktaruzzaman/Desktop/eclipse-workspace/myFrameWork/YouTube/target/surefire/surefirebooter1439535680805266023.jar /Users/mdaktaruzzaman/Desktop/eclipse-workspace/myFrameWork/YouTube/target/surefire 2019-03-13T21-53-42_637-jvmRun1 surefire6120741399325901364tmp surefire_21839948000094835491tmp"/>
    <property name="http.nonProxyHosts" value="local|*.local|169.254/16|*.169.254/16"/>
    <property name="surefire.test.class.path" value="/Users/mdaktaruzzaman/Desktop/eclipse-workspace/myFrameWork/YouTube/target/test-classes:/Users/mdaktaruzzaman/Desktop/eclipse-workspace/myFrameWork/YouTube/target/classes:/Users/mdaktaruzzaman/Desktop/eclipse-workspace/myFrameWork/Common/target/classes:/Users/mdaktaruzzaman/.m2/repository/org/seleniumhq/selenium/selenium-java/3.4.0/selenium-java-3.4.0.jar:/Users/mdaktaruzzaman/.m2/repository/org/seleniumhq/selenium/selenium-api/3.4.0/selenium-api-3.4.0.jar:/Users/mdaktaruzzaman/.m2/repository/org/seleniumhq/selenium/selenium-chrome-driver/3.4.0/selenium-chrome-driver-3.4.0.jar:/Users/mdaktaruzzaman/.m2/repository/org/seleniumhq/selenium/selenium-edge-driver/3.4.0/selenium-edge-driver-3.4.0.jar:/Users/mdaktaruzzaman/.m2/repository/org/seleniumhq/selenium/selenium-firefox-driver/3.4.0/selenium-firefox-driver-3.4.0.jar:/Users/mdaktaruzzaman/.m2/repository/org/seleniumhq/selenium/selenium-ie-driver/3.4.0/selenium-ie-driver-3.4.0.jar:/Users/mdaktaruzzaman/.m2/repository/org/seleniumhq/selenium/selenium-opera-driver/3.4.0/selenium-opera-driver-3.4.0.jar:/Users/mdaktaruzzaman/.m2/repository/org/seleniumhq/selenium/selenium-remote-driver/3.4.0/selenium-remote-driver-3.4.0.jar:/Users/mdaktaruzzaman/.m2/repository/org/seleniumhq/selenium/selenium-safari-driver/3.4.0/selenium-safari-driver-3.4.0.jar:/Users/mdaktaruzzaman/.m2/repository/org/seleniumhq/selenium/selenium-support/3.4.0/selenium-support-3.4.0.jar:/Users/mdaktaruzzaman/.m2/repository/cglib/cglib-nodep/3.2.4/cglib-nodep-3.2.4.jar:/Users/mdaktaruzzaman/.m2/repository/org/apache/commons/commons-exec/1.3/commons-exec-1.3.jar:/Users/mdaktaruzzaman/.m2/repository/org/apache/commons/commons-lang3/3.5/commons-lang3-3.5.jar:/Users/mdaktaruzzaman/.m2/repository/commons-codec/commons-codec/1.10/commons-codec-1.10.jar:/Users/mdaktaruzzaman/.m2/repository/commons-io/commons-io/2.5/commons-io-2.5.jar:/Users/mdaktaruzzaman/.m2/repository/commons-logging/commons-logging/1.2/commons-logging-1.2.jar:/Users/mdaktaruzzaman/.m2/repository/org/w3c/css/sac/1.3/sac-1.3.jar:/Users/mdaktaruzzaman/.m2/repository/net/sourceforge/cssparser/cssparser/0.9.22/cssparser-0.9.22.jar:/Users/mdaktaruzzaman/.m2/repository/com/google/code/gson/gson/2.8.0/gson-2.8.0.jar:/Users/mdaktaruzzaman/.m2/repository/com/google/guava/guava/21.0/guava-21.0.jar:/Users/mdaktaruzzaman/.m2/repository/org/hamcrest/hamcrest-core/1.3/hamcrest-core-1.3.jar:/Users/mdaktaruzzaman/.m2/repository/net/sourceforge/htmlunit/htmlunit/2.26/htmlunit-2.26.jar:/Users/mdaktaruzzaman/.m2/repository/net/sourceforge/htmlunit/htmlunit-core-js/2.26/htmlunit-core-js-2.26.jar:/Users/mdaktaruzzaman/.m2/repository/net/sourceforge/htmlunit/neko-htmlunit/2.25/neko-htmlunit-2.25.jar:/Users/mdaktaruzzaman/.m2/repository/org/apache/httpcomponents/httpclient/4.5.3/httpclient-4.5.3.jar:/Users/mdaktaruzzaman/.m2/repository/org/apache/httpcomponents/httpcore/4.4.6/httpcore-4.4.6.jar:/Users/mdaktaruzzaman/.m2/repository/org/apache/httpcomponents/httpmime/4.5.3/httpmime-4.5.3.jar:/Users/mdaktaruzzaman/.m2/repository/org/eclipse/jetty/jetty-io/9.4.1.v20170120/jetty-io-9.4.1.v20170120.jar:/Users/mdaktaruzzaman/.m2/repository/org/eclipse/jetty/jetty-util/9.4.1.v20170120/jetty-util-9.4.1.v20170120.jar:/Users/mdaktaruzzaman/.m2/repository/net/java/dev/jna/jna/4.1.0/jna-4.1.0.jar:/Users/mdaktaruzzaman/.m2/repository/net/java/dev/jna/jna-platform/4.1.0/jna-platform-4.1.0.jar:/Users/mdaktaruzzaman/.m2/repository/junit/junit/4.12/junit-4.12.jar:/Users/mdaktaruzzaman/.m2/repository/com/codeborne/phantomjsdriver/1.4.0/phantomjsdriver-1.4.0.jar:/Users/mdaktaruzzaman/.m2/repository/org/seleniumhq/selenium/htmlunit-driver/2.26/htmlunit-driver-2.26.jar:/Users/mdaktaruzzaman/.m2/repository/javax/servlet/javax.servlet-api/3.1.0/javax.servlet-api-3.1.0.jar:/Users/mdaktaruzzaman/.m2/repository/org/eclipse/jetty/websocket/websocket-api/9.4.3.v20170317/websocket-api-9.4.3.v20170317.jar:/Users/mdaktaruzzaman/.m2/repository/org/eclipse/jetty/websocket/websocket-client/9.4.3.v20170317/websocket-client-9.4.3.v20170317.jar:/Users/mdaktaruzzaman/.m2/repository/org/eclipse/jetty/jetty-client/9.4.3.v20170317/jetty-client-9.4.3.v20170317.jar:/Users/mdaktaruzzaman/.m2/repository/org/eclipse/jetty/jetty-http/9.4.3.v20170317/jetty-http-9.4.3.v20170317.jar:/Users/mdaktaruzzaman/.m2/repository/org/eclipse/jetty/websocket/websocket-common/9.4.3.v20170317/websocket-common-9.4.3.v20170317.jar:/Users/mdaktaruzzaman/.m2/repository/xalan/serializer/2.7.2/serializer-2.7.2.jar:/Users/mdaktaruzzaman/.m2/repository/xalan/xalan/2.7.2/xalan-2.7.2.jar:/Users/mdaktaruzzaman/.m2/repository/xerces/xercesImpl/2.11.0/xercesImpl-2.11.0.jar:/Users/mdaktaruzzaman/.m2/repository/xml-apis/xml-apis/1.4.01/xml-apis-1.4.01.jar:/Users/mdaktaruzzaman/.m2/repository/org/seleniumhq/selenium/selenium-server/3.4.0/selenium-server-3.4.0.jar:/Users/mdaktaruzzaman/.m2/repository/com/beust/jcommander/1.48/jcommander-1.48.jar:/Users/mdaktaruzzaman/.m2/repository/net/jcip/jcip-annotations/1.0/jcip-annotations-1.0.jar:/Users/mdaktaruzzaman/.m2/repository/org/seleniumhq/selenium/jetty-repacked/9.4.1.v20170120/jetty-repacked-9.4.1.v20170120.jar:/Users/mdaktaruzzaman/.m2/repository/org/yaml/snakeyaml/1.15/snakeyaml-1.15.jar:/Users/mdaktaruzzaman/.m2/repository/org/testng/testng/6.14.3/testng-6.14.3.jar:/Users/mdaktaruzzaman/.m2/repository/org/apache-extras/beanshell/bsh/2.0b6/bsh-2.0b6.jar:"/>
    <property name="sun.cpu.endian" value="little"/>
    <property name="user.home" value="/Users/mdaktaruzzaman"/>
    <property name="user.language" value="en"/>
    <property name="java.specification.vendor" value="Oracle Corporation"/>
    <property name="java.home" value="/Library/Java/JavaVirtualMachines/jdk1.8.0_201.jdk/Contents/Home/jre"/>
    <property name="basedir" value="/Users/mdaktaruzzaman/Desktop/eclipse-workspace/myFrameWork/YouTube"/>
    <property name="file.separator" value="/"/>
    <property name="line.separator" value="&#10;"/>
    <property name="java.vm.specification.vendor" value="Oracle Corporation"/>
    <property name="java.specification.name" value="Java Platform API Specification"/>
    <property name="java.awt.graphicsenv" value="sun.awt.CGraphicsEnvironment"/>
    <property name="surefire.real.class.path" value="/Users/mdaktaruzzaman/Desktop/eclipse-workspace/myFrameWork/YouTube/target/surefire/surefirebooter1439535680805266023.jar"/>
    <property name="sun.boot.class.path" value="/Library/Java/JavaVirtualMachines/jdk1.8.0_201.jdk/Contents/Home/jre/lib/resources.jar:/Library/Java/JavaVirtualMachines/jdk1.8.0_201.jdk/Contents/Home/jre/lib/rt.jar:/Library/Java/JavaVirtualMachines/jdk1.8.0_201.jdk/Contents/Home/jre/lib/sunrsasign.jar:/Library/Java/JavaVirtualMachines/jdk1.8.0_201.jdk/Contents/Home/jre/lib/jsse.jar:/Library/Java/JavaVirtualMachines/jdk1.8.0_201.jdk/Contents/Home/jre/lib/jce.jar:/Library/Java/JavaVirtualMachines/jdk1.8.0_201.jdk/Contents/Home/jre/lib/charsets.jar:/Library/Java/JavaVirtualMachines/jdk1.8.0_201.jdk/Contents/Home/jre/lib/jfr.jar:/Library/Java/JavaVirtualMachines/jdk1.8.0_201.jdk/Contents/Home/jre/classes"/>
    <property name="sun.management.compiler" value="HotSpot 64-Bit Tiered Compilers"/>
    <property name="ftp.nonProxyHosts" value="local|*.local|169.254/16|*.169.254/16"/>
    <property name="java.runtime.version" value="1.8.0_201-b09"/>
    <property name="user.name" value="mdaktaruzzaman"/>
    <property name="path.separator" value=":"/>
    <property name="os.version" value="10.14.3"/>
    <property name="java.endorsed.dirs" value="/Library/Java/JavaVirtualMachines/jdk1.8.0_201.jdk/Contents/Home/jre/lib/endorsed"/>
    <property name="java.runtime.name" value="Java(TM) SE Runtime Environment"/>
    <property name="file.encoding" value="UTF-8"/>
    <property name="java.vm.name" value="Java HotSpot(TM) 64-Bit Server VM"/>
    <property name="localRepository" value="/Users/mdaktaruzzaman/.m2/repository"/>
    <property name="java.vendor.url.bug" value="http://bugreport.sun.com/bugreport/"/>
    <property name="java.io.tmpdir" value="/var/folders/g7/ydg8sgwx0dl0_2znqg8j894m0000gn/T/"/>
    <property name="java.version" value="1.8.0_201"/>
    <property name="user.dir" value="/Users/mdaktaruzzaman/Desktop/eclipse-workspace/myFrameWork/YouTube"/>
    <property name="os.arch" value="x86_64"/>
    <property name="java.vm.specification.name" value="Java Virtual Machine Specification"/>
    <property name="java.awt.printerjob" value="sun.lwawt.macosx.CPrinterJob"/>
    <property name="sun.os.patch.level" value="unknown"/>
    <property name="java.library.path" value="/Users/mdaktaruzzaman/Library/Java/Extensions:/Library/Java/Extensions:/Network/Library/Java/Extensions:/System/Library/Java/Extensions:/usr/lib/java:."/>
    <property name="java.vm.info" value="mixed mode"/>
    <property name="java.vendor" value="Oracle Corporation"/>
    <property name="java.vm.version" value="25.201-b09"/>
    <property name="java.ext.dirs" value="/Users/mdaktaruzzaman/Library/Java/Extensions:/Library/Java/JavaVirtualMachines/jdk1.8.0_201.jdk/Contents/Home/jre/lib/ext:/Library/Java/Extensions:/Network/Library/Java/Extensions:/System/Library/Java/Extensions:/usr/lib/java"/>
    <property name="sun.io.unicode.encoding" value="UnicodeBig"/>
    <property name="java.class.version" value="52.0"/>
    <property name="socksNonProxyHosts" value="local|*.local|169.254/16|*.169.254/16"/>
  </properties>
  <testcase name="yTbeSearch" classname="youTubeHm.YtbeTest" time="0.95"/>
</testsuite>